2024-06-20 22:06:39 0 [Note] Starting MariaDB 10.11.4-MariaDB source revision 4e2b93dffef2414a11ca5edc8d215f57ee5010e5 as process 16126
2024-06-20 22:06:39 0 [Note] InnoDB: Compressed tables use zlib 1.2.13
2024-06-20 22:06:39 0 [Note] InnoDB: Number of transaction pools: 1
2024-06-20 22:06:39 0 [Note] InnoDB: Using generic crc32 instructions
2024-06-20 22:06:39 0 [Note] libmariadbd-10.11.4.so: O_TMPFILE is not supported on /storage/emulated/0/Venter/HopWeb/Projects/crystalclient.fun/.hopweb/mysql/tmp (disabling future attempts)
2024-06-20 22:06:39 0 [Note] InnoDB: Initializing buffer pool, total size = 128.000MiB, chunk size = 2.000MiB
2024-06-20 22:06:39 0 [Note] InnoDB: Completed initialization of buffer pool
2024-06-20 22:06:39 0 [Note] InnoDB: Buffered log writes (block size=512 bytes)
2024-06-20 22:06:39 0 [Note] InnoDB: Starting crash recovery from checkpoint LSN=46590
2024-06-20 22:06:39 0 [Note] InnoDB: Starting final batch to recover 8 pages from redo log.
2024-06-20 22:06:39 0 [Note] InnoDB: 128 rollback segments are active.
2024-06-20 22:06:39 0 [Note] InnoDB: Removed temporary tablespace data file: "./ibtmp1"
2024-06-20 22:06:39 0 [Note] InnoDB: Setting file './ibtmp1' size to 12.000MiB. Physically writing the file full; Please wait ...
2024-06-20 22:06:39 0 [Note] InnoDB: File './ibtmp1' size is now 12.000MiB.
2024-06-20 22:06:39 0 [Note] InnoDB: log sequence number 47030; transaction id 16
2024-06-20 22:06:39 0 [Note] Plugin 'FEEDBACK' is disabled.
2024-06-20 22:06:39 0 [Note] InnoDB: Loading buffer pool(s) from /storage/emulated/0/Venter/HopWeb/Projects/crystalclient.fun/.hopweb/mysql/data/ib_buffer_pool
2024-06-20 22:06:39 0 [Note] InnoDB: Buffer pool(s) load completed at 240620 22:06:39
2024-06-20 22:06:39 0 [Note] Server socket created on IP: '::'.
2024-06-20 22:06:39 0 [Note] Server socket created on IP: '0.0.0.0'.
2024-06-20 22:06:39 0 [Note] /data/app/~~bly3it3SoDXfjVdvd0kuFA==/com.venter.hopweb-JqXm-9FbhkXQGDdTGXf59Q==/lib/arm64/libmariadbd-10.11.4.so: ready for connections.
Version: '10.11.4-MariaDB'  socket: '/data/data/com.venter.hopweb/files/mysql/mysql.sock'  port: 3306  MariaDB Server
2024-06-20 22:06:57 0 [Note] Starting MariaDB 10.11.4-MariaDB source revision 4e2b93dffef2414a11ca5edc8d215f57ee5010e5 as process 16374
2024-06-20 22:06:57 0 [Note] InnoDB: Compressed tables use zlib 1.2.13
2024-06-20 22:06:57 0 [Note] InnoDB: Number of transaction pools: 1
2024-06-20 22:06:57 0 [Note] InnoDB: Using generic crc32 instructions
2024-06-20 22:06:57 0 [Note] libmariadbd-10.11.4.so: O_TMPFILE is not supported on /storage/emulated/0/Venter/HopWeb/Projects/crystalclient.fun/.hopweb/mysql/tmp (disabling future attempts)
2024-06-20 22:06:57 0 [Note] InnoDB: Initializing buffer pool, total size = 128.000MiB, chunk size = 2.000MiB
2024-06-20 22:06:57 0 [Note] InnoDB: Completed initialization of buffer pool
2024-06-20 22:06:57 0 [Note] InnoDB: Buffered log writes (block size=512 bytes)
2024-06-20 22:06:57 0 [Note] InnoDB: Starting crash recovery from checkpoint LSN=46590
2024-06-20 22:06:57 0 [Note] InnoDB: Starting final batch to recover 8 pages from redo log.
2024-06-20 22:06:57 0 [Note] InnoDB: 128 rollback segments are active.
2024-06-20 22:06:57 0 [Note] InnoDB: Removed temporary tablespace data file: "./ibtmp1"
2024-06-20 22:06:57 0 [Note] InnoDB: Setting file './ibtmp1' size to 12.000MiB. Physically writing the file full; Please wait ...
2024-06-20 22:06:57 0 [Note] InnoDB: File './ibtmp1' size is now 12.000MiB.
2024-06-20 22:06:57 0 [Note] InnoDB: log sequence number 47046; transaction id 16
2024-06-20 22:06:57 0 [Note] Plugin 'FEEDBACK' is disabled.
2024-06-20 22:06:57 0 [Note] InnoDB: Loading buffer pool(s) from /storage/emulated/0/Venter/HopWeb/Projects/crystalclient.fun/.hopweb/mysql/data/ib_buffer_pool
2024-06-20 22:06:57 0 [Note] InnoDB: Buffer pool(s) load completed at 240620 22:06:57
2024-06-20 22:06:57 0 [Note] Server socket created on IP: '::'.
2024-06-20 22:06:57 0 [Note] Server socket created on IP: '0.0.0.0'.
2024-06-20 22:06:57 0 [Note] /data/app/~~bly3it3SoDXfjVdvd0kuFA==/com.venter.hopweb-JqXm-9FbhkXQGDdTGXf59Q==/lib/arm64/libmariadbd-10.11.4.so: ready for connections.
Version: '10.11.4-MariaDB'  socket: '/data/data/com.venter.hopweb/files/mysql/mysql.sock'  port: 3306  MariaDB Server
2024-06-20 22:09:01 0 [Note] Starting MariaDB 10.11.4-MariaDB source revision 4e2b93dffef2414a11ca5edc8d215f57ee5010e5 as process 17362
2024-06-20 22:09:01 0 [Note] InnoDB: Compressed tables use zlib 1.2.13
2024-06-20 22:09:01 0 [Note] InnoDB: Number of transaction pools: 1
2024-06-20 22:09:01 0 [Note] InnoDB: Using generic crc32 instructions
2024-06-20 22:09:01 0 [Note] libmariadbd-10.11.4.so: O_TMPFILE is not supported on /storage/emulated/0/Venter/HopWeb/Projects/crystalclient.fun/.hopweb/mysql/tmp (disabling future attempts)
2024-06-20 22:09:01 0 [Note] InnoDB: Initializing buffer pool, total size = 128.000MiB, chunk size = 2.000MiB
2024-06-20 22:09:01 0 [Note] InnoDB: Completed initialization of buffer pool
2024-06-20 22:09:01 0 [Note] InnoDB: Buffered log writes (block size=512 bytes)
2024-06-20 22:09:01 0 [Note] InnoDB: Starting crash recovery from checkpoint LSN=46590
2024-06-20 22:09:01 0 [Note] InnoDB: Starting final batch to recover 8 pages from redo log.
2024-06-20 22:09:01 0 [Note] InnoDB: 128 rollback segments are active.
2024-06-20 22:09:01 0 [Note] InnoDB: Removed temporary tablespace data file: "./ibtmp1"
2024-06-20 22:09:01 0 [Note] InnoDB: Setting file './ibtmp1' size to 12.000MiB. Physically writing the file full; Please wait ...
2024-06-20 22:09:02 0 [Note] InnoDB: File './ibtmp1' size is now 12.000MiB.
2024-06-20 22:09:02 0 [Note] InnoDB: log sequence number 47062; transaction id 16
2024-06-20 22:09:02 0 [Note] Plugin 'FEEDBACK' is disabled.
2024-06-20 22:09:02 0 [Note] InnoDB: Loading buffer pool(s) from /storage/emulated/0/Venter/HopWeb/Projects/crystalclient.fun/.hopweb/mysql/data/ib_buffer_pool
2024-06-20 22:09:02 0 [Note] InnoDB: Buffer pool(s) load completed at 240620 22:09:02
2024-06-20 22:09:02 0 [Note] Server socket created on IP: '::'.
2024-06-20 22:09:02 0 [Note] Server socket created on IP: '0.0.0.0'.
2024-06-20 22:09:02 0 [Note] /data/app/~~bly3it3SoDXfjVdvd0kuFA==/com.venter.hopweb-JqXm-9FbhkXQGDdTGXf59Q==/lib/arm64/libmariadbd-10.11.4.so: ready for connections.
Version: '10.11.4-MariaDB'  socket: '/data/data/com.venter.hopweb/files/mysql/mysql.sock'  port: 3306  MariaDB Server
2024-06-20 22:09:24 0 [Note] Starting MariaDB 10.11.4-MariaDB source revision 4e2b93dffef2414a11ca5edc8d215f57ee5010e5 as process 17722
2024-06-20 22:09:24 0 [Note] InnoDB: Compressed tables use zlib 1.2.13
2024-06-20 22:09:24 0 [Note] InnoDB: Number of transaction pools: 1
2024-06-20 22:09:24 0 [Note] InnoDB: Using generic crc32 instructions
2024-06-20 22:09:24 0 [Note] libmariadbd-10.11.4.so: O_TMPFILE is not supported on /storage/emulated/0/Venter/HopWeb/Projects/crystalclient.fun/.hopweb/mysql/tmp (disabling future attempts)
2024-06-20 22:09:24 0 [Note] InnoDB: Initializing buffer pool, total size = 128.000MiB, chunk size = 2.000MiB
2024-06-20 22:09:24 0 [Note] InnoDB: Completed initialization of buffer pool
2024-06-20 22:09:24 0 [Note] InnoDB: Buffered log writes (block size=512 bytes)
2024-06-20 22:09:24 0 [Note] InnoDB: Starting crash recovery from checkpoint LSN=46590
2024-06-20 22:09:24 0 [Note] InnoDB: Starting final batch to recover 8 pages from redo log.
2024-06-20 22:09:24 0 [Note] InnoDB: 128 rollback segments are active.
2024-06-20 22:09:24 0 [Note] InnoDB: Removed temporary tablespace data file: "./ibtmp1"
2024-06-20 22:09:24 0 [Note] InnoDB: Setting file './ibtmp1' size to 12.000MiB. Physically writing the file full; Please wait ...
2024-06-20 22:09:25 0 [Note] InnoDB: File './ibtmp1' size is now 12.000MiB.
2024-06-20 22:09:25 0 [Note] InnoDB: log sequence number 47078; transaction id 16
2024-06-20 22:09:25 0 [Note] Plugin 'FEEDBACK' is disabled.
2024-06-20 22:09:25 0 [Note] InnoDB: Loading buffer pool(s) from /storage/emulated/0/Venter/HopWeb/Projects/crystalclient.fun/.hopweb/mysql/data/ib_buffer_pool
2024-06-20 22:09:25 0 [Note] InnoDB: Buffer pool(s) load completed at 240620 22:09:25
2024-06-20 22:09:25 0 [Note] Server socket created on IP: '::'.
2024-06-20 22:09:25 0 [Note] Server socket created on IP: '0.0.0.0'.
2024-06-20 22:09:25 0 [Note] /data/app/~~bly3it3SoDXfjVdvd0kuFA==/com.venter.hopweb-JqXm-9FbhkXQGDdTGXf59Q==/lib/arm64/libmariadbd-10.11.4.so: ready for connections.
Version: '10.11.4-MariaDB'  socket: '/data/data/com.venter.hopweb/files/mysql/mysql.sock'  port: 3306  MariaDB Server
2024-06-21  9:21:10 0 [Note] Starting MariaDB 10.11.4-MariaDB source revision 4e2b93dffef2414a11ca5edc8d215f57ee5010e5 as process 4410
2024-06-21  9:21:10 0 [Note] InnoDB: Compressed tables use zlib 1.2.13
2024-06-21  9:21:10 0 [Note] InnoDB: Number of transaction pools: 1
2024-06-21  9:21:10 0 [Note] InnoDB: Using generic crc32 instructions
2024-06-21  9:21:10 0 [Note] libmariadbd-10.11.4.so: O_TMPFILE is not supported on /storage/emulated/0/Venter/HopWeb/Projects/crystalclient.fun/.hopweb/mysql/tmp (disabling future attempts)
2024-06-21  9:21:11 0 [Note] InnoDB: Initializing buffer pool, total size = 128.000MiB, chunk size = 2.000MiB
2024-06-21  9:21:11 0 [Note] InnoDB: Completed initialization of buffer pool
2024-06-21  9:21:11 0 [Note] InnoDB: Buffered log writes (block size=512 bytes)
2024-06-21  9:21:11 0 [Note] InnoDB: Starting crash recovery from checkpoint LSN=46590
2024-06-21  9:21:11 0 [Note] InnoDB: Starting final batch to recover 8 pages from redo log.
2024-06-21  9:21:11 0 [Note] InnoDB: 128 rollback segments are active.
2024-06-21  9:21:11 0 [Note] InnoDB: Removed temporary tablespace data file: "./ibtmp1"
2024-06-21  9:21:11 0 [Note] InnoDB: Setting file './ibtmp1' size to 12.000MiB. Physically writing the file full; Please wait ...
2024-06-21  9:21:11 0 [Note] InnoDB: File './ibtmp1' size is now 12.000MiB.
2024-06-21  9:21:11 0 [Note] InnoDB: log sequence number 47094; transaction id 16
2024-06-21  9:21:11 0 [Note] InnoDB: Loading buffer pool(s) from /storage/emulated/0/Venter/HopWeb/Projects/crystalclient.fun/.hopweb/mysql/data/ib_buffer_pool
2024-06-21  9:21:11 0 [Note] Plugin 'FEEDBACK' is disabled.
2024-06-21  9:21:11 0 [Note] InnoDB: Buffer pool(s) load completed at 240621  9:21:11
2024-06-21  9:21:11 0 [Note] Server socket created on IP: '::'.
2024-06-21  9:21:11 0 [Note] Server socket created on IP: '0.0.0.0'.
2024-06-21  9:21:11 0 [Note] /data/app/~~bly3it3SoDXfjVdvd0kuFA==/com.venter.hopweb-JqXm-9FbhkXQGDdTGXf59Q==/lib/arm64/libmariadbd-10.11.4.so: ready for connections.
Version: '10.11.4-MariaDB'  socket: '/data/data/com.venter.hopweb/files/mysql/mysql.sock'  port: 3306  MariaDB Server
2024-06-21  9:22:32 0 [Note] Starting MariaDB 10.11.4-MariaDB source revision 4e2b93dffef2414a11ca5edc8d215f57ee5010e5 as process 5248
2024-06-21  9:22:32 0 [Note] InnoDB: Compressed tables use zlib 1.2.13
2024-06-21  9:22:32 0 [Note] InnoDB: Number of transaction pools: 1
2024-06-21  9:22:32 0 [Note] InnoDB: Using generic crc32 instructions
2024-06-21  9:22:32 0 [Note] libmariadbd-10.11.4.so: O_TMPFILE is not supported on /storage/emulated/0/Venter/HopWeb/Projects/crystalclient.fun/.hopweb/mysql/tmp (disabling future attempts)
2024-06-21  9:22:32 0 [Note] InnoDB: Initializing buffer pool, total size = 128.000MiB, chunk size = 2.000MiB
2024-06-21  9:22:32 0 [Note] InnoDB: Completed initialization of buffer pool
2024-06-21  9:22:32 0 [Note] InnoDB: Buffered log writes (block size=512 bytes)
2024-06-21  9:22:32 0 [Note] InnoDB: Starting crash recovery from checkpoint LSN=46590
2024-06-21  9:22:32 0 [Note] InnoDB: Starting final batch to recover 8 pages from redo log.
2024-06-21  9:22:32 0 [Note] InnoDB: 128 rollback segments are active.
2024-06-21  9:22:32 0 [Note] InnoDB: Removed temporary tablespace data file: "./ibtmp1"
2024-06-21  9:22:32 0 [Note] InnoDB: Setting file './ibtmp1' size to 12.000MiB. Physically writing the file full; Please wait ...
2024-06-21  9:22:32 0 [Note] InnoDB: File './ibtmp1' size is now 12.000MiB.
2024-06-21  9:22:32 0 [Note] InnoDB: log sequence number 47110; transaction id 16
2024-06-21  9:22:32 0 [Note] Plugin 'FEEDBACK' is disabled.
2024-06-21  9:22:32 0 [Note] InnoDB: Loading buffer pool(s) from /storage/emulated/0/Venter/HopWeb/Projects/crystalclient.fun/.hopweb/mysql/data/ib_buffer_pool
2024-06-21  9:22:32 0 [Note] InnoDB: Buffer pool(s) load completed at 240621  9:22:32
2024-06-21  9:22:32 0 [Note] Server socket created on IP: '::'.
2024-06-21  9:22:32 0 [Note] Server socket created on IP: '0.0.0.0'.
2024-06-21  9:22:32 0 [Note] /data/app/~~bly3it3SoDXfjVdvd0kuFA==/com.venter.hopweb-JqXm-9FbhkXQGDdTGXf59Q==/lib/arm64/libmariadbd-10.11.4.so: ready for connections.
Version: '10.11.4-MariaDB'  socket: '/data/data/com.venter.hopweb/files/mysql/mysql.sock'  port: 3306  MariaDB Server
